info: puya-sol v0.1.0 — Solidity to Algorand Compiler
info: Source: /home/argi/AlgorandFoundation/SideProjects/puya-sol/examples/uniswap-v4/contracts/core/PoolManager.sol
info: EVM version set to: cancun (hasChainID=true)
info: Parsing and type-checking...
info: Parse and type-check successful!
info: Building AWST...
info: Translating library: BitMath
info: Translating library: CurrencyDelta
/home/argi/AlgorandFoundation/SideProjects/puya-sol/examples/uniswap-v4/contracts/core/PoolManager.sol:596 warning: non-scalar type 'account' in assembly arithmetic, coercing to biguint(0)
/home/argi/AlgorandFoundation/SideProjects/puya-sol/examples/uniswap-v4/contracts/core/PoolManager.sol:676 warning: non-scalar type 'account' in assembly arithmetic, coercing to biguint(0)
info: Translating library: CurrencyReserves
/home/argi/AlgorandFoundation/SideProjects/puya-sol/examples/uniswap-v4/contracts/core/PoolManager.sol:998 warning: non-scalar type 'account' in assembly arithmetic, coercing to biguint(0)
info: Translating library: CustomRevert
/home/argi/AlgorandFoundation/SideProjects/puya-sol/examples/uniswap-v4/contracts/core/PoolManager.sol:1169 warning: non-scalar type 'account' in assembly arithmetic, coercing to biguint(0)
/home/argi/AlgorandFoundation/SideProjects/puya-sol/examples/uniswap-v4/contracts/core/PoolManager.sol:3140 warning: non-scalar type 'account' in assembly arithmetic, coercing to biguint(0)
/home/argi/AlgorandFoundation/SideProjects/puya-sol/examples/uniswap-v4/contracts/core/PoolManager.sol:3232 warning: non-scalar type 'account' in assembly arithmetic, coercing to biguint(0)
warning: unsupported type 'function (address,bytes4,bytes,bytes) pure returns (error)', falling back to bytes
/home/argi/AlgorandFoundation/SideProjects/puya-sol/examples/uniswap-v4/contracts/core/PoolManager.sol:3711 warning: unsupported member access '.selector', returning default
/home/argi/AlgorandFoundation/SideProjects/puya-sol/examples/uniswap-v4/contracts/core/PoolManager.sol:4164 warning: non-scalar type 'account' in assembly arithmetic, coercing to biguint(0)
/home/argi/AlgorandFoundation/SideProjects/puya-sol/examples/uniswap-v4/contracts/core/PoolManager.sol:4825 warning: mstore with non-constant offset not supported in assembly translation (skipping)
/home/argi/AlgorandFoundation/SideProjects/puya-sol/examples/uniswap-v4/contracts/core/PoolManager.sol:4922 warning: mstore with non-constant offset not supported in assembly translation (skipping)
info: Translating library: FixedPoint128
info: Translating library: FixedPoint96
info: Translating library: FullMath
info: Translating library: Hooks
warning: unsupported type 'function (address) pure returns (error)', falling back to bytes
/home/argi/AlgorandFoundation/SideProjects/puya-sol/examples/uniswap-v4/contracts/core/PoolManager.sol:5139 warning: unsupported member access '.selector', returning default
/home/argi/AlgorandFoundation/SideProjects/puya-sol/examples/uniswap-v4/contracts/core/PoolManager.sol:6941 warning: precompile call with non-constant memory offsets/sizes — stubbing as success
warning: unsupported type 'function () pure returns (error)', falling back to bytes
/home/argi/AlgorandFoundation/SideProjects/puya-sol/examples/uniswap-v4/contracts/core/PoolManager.sol:7186 warning: unsupported member access '.selector', returning default
/home/argi/AlgorandFoundation/SideProjects/puya-sol/examples/uniswap-v4/contracts/core/PoolManager.sol:7999 warning: unsupported member access '.selector', returning default
/home/argi/AlgorandFoundation/SideProjects/puya-sol/examples/uniswap-v4/contracts/core/PoolManager.sol:8592 warning: unsupported member access '.selector', returning default
/home/argi/AlgorandFoundation/SideProjects/puya-sol/examples/uniswap-v4/contracts/core/PoolManager.sol:12805 warning: unsupported member access '.selector', returning default
/home/argi/AlgorandFoundation/SideProjects/puya-sol/examples/uniswap-v4/contracts/core/PoolManager.sol:13965 warning: unsupported member access '.selector', returning default
info: Translating library: LPFeeLibrary
warning: unsupported type 'function (uint24) pure returns (error)', falling back to bytes
/home/argi/AlgorandFoundation/SideProjects/puya-sol/examples/uniswap-v4/contracts/core/PoolManager.sol:1910 warning: unsupported member access '.selector', returning default
info: Translating library: LiquidityMath
info: Translating library: Lock
info: Translating library: NonzeroDeltaCount
info: Translating library: ParseBytes
/home/argi/AlgorandFoundation/SideProjects/puya-sol/examples/uniswap-v4/contracts/core/PoolManager.sol:615 warning: mload with non-constant offset not supported — returning 0 (EVM memory model)
/home/argi/AlgorandFoundation/SideProjects/puya-sol/examples/uniswap-v4/contracts/core/PoolManager.sol:877 warning: mload with non-constant offset not supported — returning 0 (EVM memory model)
/home/argi/AlgorandFoundation/SideProjects/puya-sol/examples/uniswap-v4/contracts/core/PoolManager.sol:1158 warning: mload with non-constant offset not supported — returning 0 (EVM memory model)
info: Translating library: Pool
warning: unsupported type 'function (int24,int24) pure returns (error)', falling back to bytes
/home/argi/AlgorandFoundation/SideProjects/puya-sol/examples/uniswap-v4/contracts/core/PoolManager.sol:4288 warning: unsupported member access '.selector', returning default
warning: unsupported type 'function (int24) pure returns (error)', falling back to bytes
/home/argi/AlgorandFoundation/SideProjects/puya-sol/examples/uniswap-v4/contracts/core/PoolManager.sol:4390 warning: unsupported member access '.selector', returning default
/home/argi/AlgorandFoundation/SideProjects/puya-sol/examples/uniswap-v4/contracts/core/PoolManager.sol:4486 warning: unsupported member access '.selector', returning default
/home/argi/AlgorandFoundation/SideProjects/puya-sol/examples/uniswap-v4/contracts/core/PoolManager.sol:4702 warning: unsupported member access '.selector', returning default
/home/argi/AlgorandFoundation/SideProjects/puya-sol/examples/uniswap-v4/contracts/core/PoolManager.sol:7511 warning: unsupported member access '.selector', returning default
/home/argi/AlgorandFoundation/SideProjects/puya-sol/examples/uniswap-v4/contracts/core/PoolManager.sol:7691 warning: unsupported member access '.selector', returning default
/home/argi/AlgorandFoundation/SideProjects/puya-sol/examples/uniswap-v4/contracts/core/PoolManager.sol:13976 warning: unsupported member access '.selector', returning default
warning: unsupported type 'function (uint160,uint160) pure returns (error)', falling back to bytes
/home/argi/AlgorandFoundation/SideProjects/puya-sol/examples/uniswap-v4/contracts/core/PoolManager.sol:14458 warning: unsupported member access '.selector', returning default
warning: unsupported type 'function (uint160) pure returns (error)', falling back to bytes
/home/argi/AlgorandFoundation/SideProjects/puya-sol/examples/uniswap-v4/contracts/core/PoolManager.sol:14890 warning: unsupported member access '.selector', returning default
/home/argi/AlgorandFoundation/SideProjects/puya-sol/examples/uniswap-v4/contracts/core/PoolManager.sol:15079 warning: unsupported member access '.selector', returning default
/home/argi/AlgorandFoundation/SideProjects/puya-sol/examples/uniswap-v4/contracts/core/PoolManager.sol:15280 warning: unsupported member access '.selector', returning default
/home/argi/AlgorandFoundation/SideProjects/puya-sol/examples/uniswap-v4/contracts/core/PoolManager.sol:22122 warning: unsupported member access '.selector', returning default
/home/argi/AlgorandFoundation/SideProjects/puya-sol/examples/uniswap-v4/contracts/core/PoolManager.sol:26655 warning: sstore() has no AVM equivalent (EVM raw storage), ignoring
/home/argi/AlgorandFoundation/SideProjects/puya-sol/examples/uniswap-v4/contracts/core/PoolManager.sol:28702 warning: unsupported member access '.selector', returning default
info: Translating library: Position
/home/argi/AlgorandFoundation/SideProjects/puya-sol/examples/uniswap-v4/contracts/core/PoolManager.sol:2703 warning: non-scalar type 'account' in assembly arithmetic, coercing to biguint(0)
/home/argi/AlgorandFoundation/SideProjects/puya-sol/examples/uniswap-v4/contracts/core/PoolManager.sol:2765 warning: precompile input at offset 0x8c not found, using zero
/home/argi/AlgorandFoundation/SideProjects/puya-sol/examples/uniswap-v4/contracts/core/PoolManager.sol:4086 warning: unsupported member access '.selector', returning default
info: Translating library: ProtocolFeeLibrary
info: Translating library: SafeCast
/home/argi/AlgorandFoundation/SideProjects/puya-sol/examples/uniswap-v4/contracts/core/PoolManager.sol:571 warning: unsupported member access '.selector', returning default
/home/argi/AlgorandFoundation/SideProjects/puya-sol/examples/uniswap-v4/contracts/core/PoolManager.sol:901 warning: unsupported member access '.selector', returning default
/home/argi/AlgorandFoundation/SideProjects/puya-sol/examples/uniswap-v4/contracts/core/PoolManager.sol:1208 warning: unsupported member access '.selector', returning default
/home/argi/AlgorandFoundation/SideProjects/puya-sol/examples/uniswap-v4/contracts/core/PoolManager.sol:1567 warning: unsupported member access '.selector', returning default
/home/argi/AlgorandFoundation/SideProjects/puya-sol/examples/uniswap-v4/contracts/core/PoolManager.sol:1883 warning: unsupported member access '.selector', returning default
/home/argi/AlgorandFoundation/SideProjects/puya-sol/examples/uniswap-v4/contracts/core/PoolManager.sol:2188 warning: unsupported member access '.selector', returning default
info: Translating library: SqrtPriceMath
info: Translating library: SwapMath
info: Translating library: TickBitmap
/home/argi/AlgorandFoundation/SideProjects/puya-sol/examples/uniswap-v4/contracts/core/PoolManager.sol:3465 warning: sload() has no AVM equivalent (EVM raw storage), returning 0
/home/argi/AlgorandFoundation/SideProjects/puya-sol/examples/uniswap-v4/contracts/core/PoolManager.sol:3448 warning: sstore() has no AVM equivalent (EVM raw storage), ignoring
info: Translating library: TickMath
/home/argi/AlgorandFoundation/SideProjects/puya-sol/examples/uniswap-v4/contracts/core/PoolManager.sol:3812 warning: unsupported member access '.selector', returning default
/home/argi/AlgorandFoundation/SideProjects/puya-sol/examples/uniswap-v4/contracts/core/PoolManager.sol:8282 warning: unsupported member access '.selector', returning default
info: Translating library: UnsafeMath
info: Translating library: BalanceDeltaLibrary
info: Translating library: BeforeSwapDeltaLibrary
info: Translating library: CurrencyLibrary
/home/argi/AlgorandFoundation/SideProjects/puya-sol/examples/uniswap-v4/contracts/core/PoolManager.sol:1913 warning: call to non-precompile address 36 not implemented — stubbing as no-op
/home/argi/AlgorandFoundation/SideProjects/puya-sol/examples/uniswap-v4/contracts/core/PoolManager.sol:2164 warning: unsupported member access '.selector', returning default
/home/argi/AlgorandFoundation/SideProjects/puya-sol/examples/uniswap-v4/contracts/core/PoolManager.sol:2593 warning: non-scalar type 'account' in assembly arithmetic, coercing to biguint(0)
/home/argi/AlgorandFoundation/SideProjects/puya-sol/examples/uniswap-v4/contracts/core/PoolManager.sol:3613 warning: call in pure expression context; use let/assign form for precompile support
warning: unsupported type 'type(contract IERC20Minimal)', falling back to bytes
/home/argi/AlgorandFoundation/SideProjects/puya-sol/examples/uniswap-v4/contracts/core/PoolManager.sol:4236 warning: unsupported member access '.transfer', returning default
warning: unsupported type 'function IERC20Minimal.transfer(address,uint256) returns (bool)', falling back to bytes
/home/argi/AlgorandFoundation/SideProjects/puya-sol/examples/uniswap-v4/contracts/core/PoolManager.sol:4236 warning: unsupported member access '.selector', returning default
/home/argi/AlgorandFoundation/SideProjects/puya-sol/examples/uniswap-v4/contracts/core/PoolManager.sol:4269 warning: unsupported member access '.selector', returning default
/home/argi/AlgorandFoundation/SideProjects/puya-sol/examples/uniswap-v4/contracts/core/PoolManager.sol:4487 warning: address property '.balance' has no Algorand equivalent
/home/argi/AlgorandFoundation/SideProjects/puya-sol/examples/uniswap-v4/contracts/core/PoolManager.sol:4546 warning: could not resolve token variable for balanceOf
/home/argi/AlgorandFoundation/SideProjects/puya-sol/examples/uniswap-v4/contracts/core/PoolManager.sol:4780 warning: address property '.balance' has no Algorand equivalent
/home/argi/AlgorandFoundation/SideProjects/puya-sol/examples/uniswap-v4/contracts/core/PoolManager.sol:4831 warning: could not resolve token variable for balanceOf
info: Translating library: PoolIdLibrary
info: Translating library: Slot0Library
info: Translating contract: PoolManager
/home/argi/AlgorandFoundation/SideProjects/puya-sol/examples/uniswap-v4/contracts/core/PoolManager.sol:5729 warning: unsupported member access '.selector', returning default
/home/argi/AlgorandFoundation/SideProjects/puya-sol/examples/uniswap-v4/contracts/core/PoolManager.sol:6011 warning: unsupported member access '.selector', returning default
/home/argi/AlgorandFoundation/SideProjects/puya-sol/examples/uniswap-v4/contracts/core/PoolManager.sol:6378 warning: unsupported member access '.selector', returning default
/home/argi/AlgorandFoundation/SideProjects/puya-sol/examples/uniswap-v4/contracts/core/PoolManager.sol:6484 warning: unsupported member access '.selector', returning default
warning: unsupported type 'function (address,address) pure returns (error)', falling back to bytes
/home/argi/AlgorandFoundation/SideProjects/puya-sol/examples/uniswap-v4/contracts/core/PoolManager.sol:6600 warning: unsupported member access '.selector', returning default
warning: unsupported type 'type(library Hooks)', falling back to bytes
/home/argi/AlgorandFoundation/SideProjects/puya-sol/examples/uniswap-v4/contracts/core/PoolManager.sol:6805 warning: unsupported member access '.HookAddressNotValid', returning default
/home/argi/AlgorandFoundation/SideProjects/puya-sol/examples/uniswap-v4/contracts/core/PoolManager.sol:6805 warning: unsupported member access '.selector', returning default
/home/argi/AlgorandFoundation/SideProjects/puya-sol/examples/uniswap-v4/contracts/core/PoolManager.sol:5450 warning: unsupported member access '.selector', returning default
/home/argi/AlgorandFoundation/SideProjects/puya-sol/examples/uniswap-v4/contracts/core/PoolManager.sol:9624 warning: unsupported member access '.selector', returning default
/home/argi/AlgorandFoundation/SideProjects/puya-sol/examples/uniswap-v4/contracts/core/PoolManager.sol:5450 warning: unsupported member access '.selector', returning default
/home/argi/AlgorandFoundation/SideProjects/puya-sol/examples/uniswap-v4/contracts/core/PoolManager.sol:5450 warning: unsupported member access '.selector', returning default
/home/argi/AlgorandFoundation/SideProjects/puya-sol/examples/uniswap-v4/contracts/core/PoolManager.sol:5450 warning: unsupported member access '.selector', returning default
/home/argi/AlgorandFoundation/SideProjects/puya-sol/examples/uniswap-v4/contracts/core/PoolManager.sol:5450 warning: unsupported member access '.selector', returning default
/home/argi/AlgorandFoundation/SideProjects/puya-sol/examples/uniswap-v4/contracts/core/PoolManager.sol:5450 warning: unsupported member access '.selector', returning default
/home/argi/AlgorandFoundation/SideProjects/puya-sol/examples/uniswap-v4/contracts/core/PoolManager.sol:14247 warning: unsupported member access '.selector', returning default
/home/argi/AlgorandFoundation/SideProjects/puya-sol/examples/uniswap-v4/contracts/core/PoolManager.sol:5450 warning: unsupported member access '.selector', returning default
/home/argi/AlgorandFoundation/SideProjects/puya-sol/examples/uniswap-v4/contracts/core/PoolManager.sol:5450 warning: unsupported member access '.selector', returning default
/home/argi/AlgorandFoundation/SideProjects/puya-sol/examples/uniswap-v4/contracts/core/PoolManager.sol:5450 warning: unsupported member access '.selector', returning default
/home/argi/AlgorandFoundation/SideProjects/puya-sol/examples/uniswap-v4/contracts/core/PoolManager.sol:15363 warning: unsupported member access '.selector', returning default
/home/argi/AlgorandFoundation/SideProjects/puya-sol/examples/uniswap-v4/contracts/core/PoolManager.sol:15964 warning: msg.value mapped to group txn amount (approximate)
/home/argi/AlgorandFoundation/SideProjects/puya-sol/examples/uniswap-v4/contracts/core/PoolManager.sol:16008 warning: msg.value mapped to group txn amount (approximate)
/home/argi/AlgorandFoundation/SideProjects/puya-sol/examples/uniswap-v4/contracts/core/PoolManager.sol:16023 warning: unsupported member access '.selector', returning default
/home/argi/AlgorandFoundation/SideProjects/puya-sol/examples/uniswap-v4/contracts/core/PoolManager.sol:461 warning: sload() has no AVM equivalent (EVM raw storage), returning 0
/home/argi/AlgorandFoundation/SideProjects/puya-sol/examples/uniswap-v4/contracts/core/PoolManager.sol:1300 warning: sload() has no AVM equivalent (EVM raw storage), returning 0
/home/argi/AlgorandFoundation/SideProjects/puya-sol/examples/uniswap-v4/contracts/core/PoolManager.sol:1488 warning: assembly return produces scalar but function returns array; returning empty array (EVM memory layout not translatable)
/home/argi/AlgorandFoundation/SideProjects/puya-sol/examples/uniswap-v4/contracts/core/PoolManager.sol:1050 warning: unsupported member access '.selector', returning default
/home/argi/AlgorandFoundation/SideProjects/puya-sol/examples/uniswap-v4/contracts/core/PoolManager.sol:1417 warning: unsupported member access '.selector', returning default
/home/argi/AlgorandFoundation/SideProjects/puya-sol/examples/uniswap-v4/contracts/core/PoolManager.sol:1504 warning: unsupported member access '.selector', returning default
/home/argi/AlgorandFoundation/SideProjects/puya-sol/examples/uniswap-v4/contracts/core/PoolManager.sol:1941 warning: unsupported member access '.selector', returning default
/home/argi/AlgorandFoundation/SideProjects/puya-sol/examples/uniswap-v4/contracts/core/PoolManager.sol:2185 warning: unsupported member access '.selector', returning default
info: Generated 115 AWST root node(s)
info: Phase 0: Global mid-function splitting...
info:   Mid-function splitting 'BitMath.mostSignificantBit' (body=2583 + deps=0 = 2583 est. instructions, 10 statements)
info:     Splitting into 2 chunks
info:     Chunk 0: stmts [0, 8), 1934 instructions, 1 live vars out
info:     Chunk 1: stmts [8, 10), 649 instructions, 0 live vars out
info:     Rewrote 'BitMath.mostSignificantBit' to call 2 chunks
info:   Mid-function splitting 'Pool.initialize' (body=96 + deps=6150 = 6246 est. instructions, 5 statements)
info:     Splitting into 3 chunks
info:     Chunk 0: stmts [0, 2), 113 instructions, 1 live vars out
info:     Chunk 1: stmts [2, 3), 6065 instructions, 1 live vars out
info:     Chunk 2: stmts [3, 5), 68 instructions, 0 live vars out
info:     Rewrote 'Pool.initialize' to call 3 chunks
info:   Mid-function splitting 'Pool.modifyLiquidity' (body=689 + deps=12554 = 13243 est. instructions, 17 statements)
info:     Splitting into 6 chunks
info:     Chunk 0: stmts [0, 7), 137 instructions, 6 live vars out
info:     Chunk 1: stmts [7, 8), 6148 instructions, 6 live vars out
info:     Chunk 2: stmts [8, 12), 2296 instructions, 10 live vars out
info:     Chunk 3: stmts [12, 15), 862 instructions, 5 live vars out
info:     Chunk 4: stmts [15, 16), 5422 instructions, 2 live vars out
info:     Chunk 5: stmts [16, 17), 4 instructions, 0 live vars out
info:     Rewrote 'Pool.modifyLiquidity' to call 6 chunks
info:   Mid-function splitting 'Pool.swap' (body=2493 + deps=3559 = 6052 est. instructions, 24 statements)
info:     Splitting into 3 chunks
info:     Chunk 0: stmts [0, 18), 1817 instructions, 9 live vars out
info:     Chunk 1: stmts [18, 19), 3377 instructions, 9 live vars out
info:     Chunk 2: stmts [19, 24), 858 instructions, 0 live vars out
info:     Inserting default init for live-out var 'step' (type: StepComputations) before inner return
info:     Rewrote 'Pool.swap' to call 3 chunks
info:   Mid-function splitting 'Position.update' (body=330 + deps=2214 = 2544 est. instructions, 9 statements)
info:     Splitting into 2 chunks
info:     Chunk 0: stmts [0, 5), 2402 instructions, 3 live vars out
info:     Chunk 1: stmts [5, 9), 2330 instructions, 0 live vars out
info:     Rewrote 'Position.update' to call 2 chunks
info:   Mid-function splitting 'SqrtPriceMath.getAmount0Delta' (body=207 + deps=2533 = 2740 est. instructions, 8 statements)
info:     Splitting into 2 chunks
info:     Chunk 0: stmts [0, 7), 177 instructions, 4 live vars out
info:     Chunk 1: stmts [7, 8), 2563 instructions, 0 live vars out
info:     Rewrote 'SqrtPriceMath.getAmount0Delta' to call 2 chunks
info:   Mid-function splitting 'SqrtPriceMath.getAmount1Delta' (body=243 + deps=2679 = 2922 est. instructions, 8 statements)
info:     Splitting into 2 chunks
info:     Chunk 0: stmts [0, 4), 540 instructions, 4 live vars out
info:     Chunk 1: stmts [4, 8), 2382 instructions, 0 live vars out
info:     Rewrote 'SqrtPriceMath.getAmount1Delta' to call 2 chunks
info:   Mid-function splitting 'SwapMath.computeSwapStep' (body=646 + deps=2830 = 3476 est. instructions, 9 statements)
info:     Splitting into 3 chunks
info:     Chunk 0: stmts [0, 7), 152 instructions, 7 live vars out
info:     Chunk 1: stmts [7, 8), 3318 instructions, 4 live vars out
info:     Chunk 2: stmts [8, 9), 6 instructions, 0 live vars out
info:     Rewrote 'SwapMath.computeSwapStep' to call 3 chunks
info:   Mid-function splitting 'TickBitmap.compress' (body=3069 + deps=0 = 3069 est. instructions, 6 statements)
info:     Splitting into 2 chunks
info:     Chunk 0: stmts [0, 4), 834 instructions, 3 live vars out
info:     Chunk 1: stmts [4, 6), 2235 instructions, 0 live vars out
info:     Rewrote 'TickBitmap.compress' to call 2 chunks
info:   Mid-function splitting 'TickBitmap.flipTick' (body=2735 + deps=0 = 2735 est. instructions, 8 statements)
info:     Splitting into 2 chunks
info:     Chunk 0: stmts [0, 5), 2394 instructions, 1 live vars out
info:     Chunk 1: stmts [5, 8), 341 instructions, 0 live vars out
info:     Rewrote 'TickBitmap.flipTick' to call 2 chunks
info:   Mid-function splitting 'TickBitmap.nextInitializedTickWithinOneWord' (body=460 + deps=4189 = 4649 est. instructions, 5 statements)
info:     Splitting into 3 chunks
info:     Chunk 0: stmts [0, 3), 46 instructions, 3 live vars out
info:     Chunk 1: stmts [3, 4), 4599 instructions, 2 live vars out
info:     Chunk 2: stmts [4, 5), 4 instructions, 0 live vars out
info:     Rewrote 'TickBitmap.nextInitializedTickWithinOneWord' to call 3 chunks
info:   Mid-function splitting 'TickMath.getSqrtPriceAtTick' (body=3625 + deps=223 = 3848 est. instructions, 33 statements)
info:     Splitting into 2 chunks
info:     Chunk 0: stmts [0, 21), 2485 instructions, 5 live vars out
info:     Chunk 1: stmts [21, 33), 1363 instructions, 0 live vars out
info:     Rewrote 'TickMath.getSqrtPriceAtTick' to call 2 chunks
info:   Mid-function splitting 'TickMath.getTickAtSqrtPrice' (body=6060 + deps=106 = 6166 est. instructions, 81 statements)
info:     Splitting into 3 chunks
info:     Chunk 0: stmts [0, 33), 2484 instructions, 5 live vars out
info:     Chunk 1: stmts [33, 66), 2478 instructions, 5 live vars out
info:     Chunk 2: stmts [66, 81), 1204 instructions, 0 live vars out
info:     Rewrote 'TickMath.getTickAtSqrtPrice' to call 3 chunks
info:   Expanded rewritten callees in 'Pool.initialize__chunk_1' (12 statements after expansion)
info:   Expanded rewritten callees in 'TickBitmap.nextInitializedTickWithinOneWord__chunk_0' (7 statements after expansion)
info:   Mid-function splitting 'Pool.initialize__chunk_1' (body=117 + deps=6074 = 6191 est. instructions, 12 statements)
info:     Splitting into 11 chunks
info:     Chunk 0: stmts [0, 1), 2441 instructions, 1 live vars out
info:     Chunk 1: stmts [1, 2), 2441 instructions, 2 live vars out
info:     Chunk 2: stmts [2, 3), 2441 instructions, 3 live vars out
info:     Chunk 3: stmts [3, 4), 2441 instructions, 4 live vars out
info:     Chunk 4: stmts [4, 5), 2441 instructions, 5 live vars out
info:     Chunk 5: stmts [5, 6), 2498 instructions, 5 live vars out
info:     Chunk 6: stmts [6, 7), 2498 instructions, 5 live vars out
info:     Chunk 7: stmts [7, 8), 2498 instructions, 5 live vars out
info:     Chunk 8: stmts [8, 9), 2498 instructions, 5 live vars out
info:     Chunk 9: stmts [9, 10), 2498 instructions, 5 live vars out
info:     Chunk 10: stmts [10, 12), 1168 instructions, 0 live vars out
info:     Rewrote 'Pool.initialize__chunk_1' to call 11 chunks
info:   Mid-function splitting 'Pool.modifyLiquidity__chunk_1' (body=280 + deps=3153 = 3433 est. instructions, 2 statements)
info:     Splitting into 2 chunks
info:     Chunk 0: stmts [0, 1), 3425 instructions, 1 live vars out
info:     Chunk 1: stmts [1, 2), 8 instructions, 0 live vars out
info:     Rewrote 'Pool.modifyLiquidity__chunk_1' to call 2 chunks
info:   Mid-function splitting 'Pool.swap__chunk_1' (body=1538 + deps=986 = 2524 est. instructions, 2 statements)
info:     Splitting into 2 chunks
info:     Chunk 0: stmts [0, 1), 2513 instructions, 5 live vars out
info:     Chunk 1: stmts [1, 2), 11 instructions, 0 live vars out
info:     Rewrote 'Pool.swap__chunk_1' to call 2 chunks
info:   Mid-function splitting 'SwapMath.computeSwapStep__chunk_1' (body=494 + deps=2830 = 3324 est. instructions, 2 statements)
info:     Splitting into 2 chunks
info:     Chunk 0: stmts [0, 1), 3318 instructions, 4 live vars out
info:     Chunk 1: stmts [1, 2), 6 instructions, 0 live vars out
info:     Rewrote 'SwapMath.computeSwapStep__chunk_1' to call 2 chunks
info:   Mid-function splitting 'TickBitmap.nextInitializedTickWithinOneWord__chunk_0' (body=46 + deps=3074 = 3120 est. instructions, 7 statements)
info:     Splitting into 3 chunks
info:     Chunk 0: stmts [0, 4), 1703 instructions, 4 live vars out
info:     Chunk 1: stmts [4, 5), 848 instructions, 5 live vars out
info:     Chunk 2: stmts [5, 7), 2247 instructions, 0 live vars out
info:     Rewrote 'TickBitmap.nextInitializedTickWithinOneWord__chunk_0' to call 3 chunks
info:   Mid-function splitting 'TickBitmap.nextInitializedTickWithinOneWord__chunk_1' (body=447 + deps=4156 = 4603 est. instructions, 2 statements)
info:     Splitting into 2 chunks
info:     Chunk 0: stmts [0, 1), 4599 instructions, 2 live vars out
info:     Chunk 1: stmts [1, 2), 4 instructions, 0 live vars out
info:     Rewrote 'TickBitmap.nextInitializedTickWithinOneWord__chunk_1' to call 2 chunks
info:   Split 19 function(s) into chunks (57 new subroutines)
info: Size estimate for 'PoolManager': 62478 instructions, ~187434 bytes
warning: Contract 'PoolManager' estimated at ~187434 bytes, exceeds AVM limit of ~8192 bytes
info: Contract exceeds AVM limit (187434 estimated bytes > 8192 max)
info: Orchestrator oversized (6112 > 2333), delegating largest ARC4 methods
info:   Delegated 'swap' (42020 estimated) to helper
info:   Delegated 'modifyLiquidity' (25119 estimated) to helper
info:   Delegated 'donate' (3694 estimated) to helper
info:   Delegated 'settleFor' (1472 estimated) to helper
info:   Delegated 'settle' (1471 estimated) to helper
info:   Delegated 'burn' (1356 estimated) to helper
info:   Delegated 'mint' (1188 estimated) to helper
info:   Delegated 'clear' (1149 estimated) to helper
info:   Delegated 'unlock' (624 estimated) to helper
info:   Delegated 'extsload(2)' (455 estimated) to helper
info:   Delegated 'sync' (324 estimated) to helper
info:   Delegated 'extsload(1)' (51 estimated) to helper
info:   Delegated 'exttload(1)' (37 estimated) to helper
info:   Delegated 'supportsInterface' (23 estimated) to helper
info: Split recommendation: 30 partitions
info:   Partition 0: [Pool.clearTick, Pool.crossTick, Pool.getFeeGrowthInside, Pool.updateTick, Position.get, TickBitmap.nextInitializedTickWithinOneWord__chunk_1__chunk_0, __approval__, __clear__, _accountDelta, _accountPoolBalanceDelta, _burn, _burnFrom, _getPool, _isUnlocked, _mint, _settle, _swap, _updateProtocolFees, approve, checkNotDelegateCall, collectProtocolFees, initialize, owner, protocolFeeController, setOperator, setProtocolFee, setProtocolFeeController, take, transfer, transferFrom, transferOwnership, updateDynamicLPFee]
info:   Partition 1: [BitMath.mostSignificantBit, BitMath.mostSignificantBit__chunk_0, BitMath.mostSignificantBit__chunk_1]
info:   Partition 2: [Pool.initialize, Pool.initialize__chunk_1, Pool.initialize__chunk_1__chunk_4, Pool.initialize__chunk_1__chunk_3, Pool.initialize__chunk_1__chunk_2, Pool.initialize__chunk_1__chunk_1, Pool.initialize__chunk_1__chunk_0, Pool.initialize__chunk_1__chunk_10, Pool.initialize__chunk_1__chunk_9, Pool.initialize__chunk_1__chunk_8, Pool.initialize__chunk_1__chunk_7, Pool.initialize__chunk_1__chunk_6, Pool.initialize__chunk_1__chunk_5, Pool.initialize__chunk_2, Pool.initialize__chunk_0, Pool.setLPFee, ProtocolFeeLibrary.getZeroForOneFee]
info:   Partition 3: [Pool.modifyLiquidity, Pool.modifyLiquidity__chunk_4, Pool.modifyLiquidity__chunk_1, Pool.modifyLiquidity__chunk_1__chunk_0, Pool.modifyLiquidity__chunk_2, Pool.modifyLiquidity__chunk_3, Pool.modifyLiquidity__chunk_0, Pool.modifyLiquidity__chunk_1__chunk_1, Pool.modifyLiquidity__chunk_5, modifyLiquidity, FullMath.mulDivRoundingUp, burn, Hooks.callHookWithReturnDelta, Pool.checkPoolInitialized, LPFeeLibrary.isOverride]
info:   Partition 4: [Pool.swap, Pool.swap__chunk_1, Pool.swap__chunk_1__chunk_0, Pool.swap__chunk_0, Pool.swap__chunk_2, Pool.swap__chunk_1__chunk_1]
info:   Partition 5: [Position.update, Position.update__chunk_0, Position.update__chunk_1, SqrtPriceMath.getNextSqrtPriceFromOutput, SqrtPriceMath.getNextSqrtPriceFromInput, SafeCast.toUint160, Hooks.hasPermission]
info:   Partition 6: [SqrtPriceMath.getAmount0Delta, SqrtPriceMath.getAmount0Delta__chunk_1, SqrtPriceMath.getAmount0Delta__chunk_0, SqrtPriceMath.getNextSqrtPriceFromAmount0RoundingUp, SqrtPriceMath.getNextSqrtPriceFromAmount1RoundingDown, Pool.donate, SafeCast.toInt128, LPFeeLibrary.validate, CurrencyLibrary.toId]
info:   Partition 7: [SqrtPriceMath.getAmount1Delta, SqrtPriceMath.getAmount1Delta__chunk_1, SqrtPriceMath.getAmount1Delta__chunk_0, Hooks.beforeSwap, ParseBytes.parseFee, Hooks.beforeDonate, supportsInterface]
info:   Partition 8: [SwapMath.computeSwapStep, SwapMath.computeSwapStep__chunk_1, SwapMath.computeSwapStep__chunk_1__chunk_0, SwapMath.computeSwapStep__chunk_0, SwapMath.computeSwapStep__chunk_1__chunk_1, SwapMath.computeSwapStep__chunk_2, Hooks.afterDonate, ProtocolFeeLibrary.getOneForZeroFee, CurrencyLibrary.isAddressZero]
info:   Partition 9: [TickBitmap.compress, TickBitmap.compress__chunk_1, TickBitmap.compress__chunk_0]
info:   Partition 10: [TickBitmap.flipTick, TickBitmap.flipTick__chunk_0, TickBitmap.flipTick__chunk_1]
info:   Partition 11: [TickBitmap.nextInitializedTickWithinOneWord, TickBitmap.nextInitializedTickWithinOneWord__chunk_1, TickBitmap.nextInitializedTickWithinOneWord__chunk_0, TickBitmap.nextInitializedTickWithinOneWord__chunk_0__chunk_2, TickBitmap.nextInitializedTickWithinOneWord__chunk_0__chunk_1, TickBitmap.nextInitializedTickWithinOneWord__chunk_0__chunk_0, TickBitmap.nextInitializedTickWithinOneWord__chunk_1__chunk_1, TickBitmap.nextInitializedTickWithinOneWord__chunk_2, settleFor, settle, mint, CurrencyDelta.getDelta, CurrencyLibrary.balanceOfSelf]
info:   Partition 12: [TickMath.getSqrtPriceAtTick, TickMath.getSqrtPriceAtTick__chunk_0, TickMath.getSqrtPriceAtTick__chunk_1]
info:   Partition 13: [TickMath.getTickAtSqrtPrice, TickMath.getTickAtSqrtPrice__chunk_0, TickMath.getTickAtSqrtPrice__chunk_2, TickMath.getTickAtSqrtPrice__chunk_1]
info:   Partition 14: [swap]
info:   Partition 15: [donate]
info:   Partition 16: [Hooks.afterSwap]
info:   Partition 17: [Hooks.afterModifyLiquidity]
info:   Partition 18: [Pool.tickSpacingToMaxLiquidityPerTick]
info:   Partition 19: [BitMath.leastSignificantBit, exttload(1)]
info:   Partition 20: [FullMath.mulDiv, UnsafeMath.simpleMulDiv]
info:   Partition 21: [TickBitmap.position, extsload(2), LPFeeLibrary.isDynamicFee, LPFeeLibrary.isValid]
info:   Partition 22: [sub, Pool.setProtocolFee, Pool.checkTicks, CurrencyLibrary.fromId]
info:   Partition 23: [add, unlock, SafeCast.toInt256, LPFeeLibrary.removeOverrideFlagAndValidate, LPFeeLibrary.removeOverrideFlag, LPFeeLibrary.getInitialLPFee, neq]
info:   Partition 24: [clear, Hooks.beforeModifyLiquidity, Hooks.afterInitialize, Hooks.beforeInitialize, CurrencyDelta.applyDelta, CurrencyReserves.getSyncedCurrency, greaterThanOrEqualTo]
info:   Partition 25: [Slot0Library.tick, Hooks.callHook, CustomRevert.bubbleUpAndRevertWith, ParseBytes.parseSelector, Lock.lock, equals]
info:   Partition 26: [ProtocolFeeLibrary.calculateSwapFee, SqrtPriceMath.absDiff, Slot0Library.setProtocolFee, Slot0Library.setTick, Slot0Library.setLpFee]
info:   Partition 27: [LiquidityMath.addDelta, toBalanceDelta, BalanceDeltaLibrary.amount0, BeforeSwapDeltaLibrary.getSpecifiedDelta, sync, UnsafeMath.divRoundingUp, SwapMath.getSqrtPriceTarget, Slot0Library.sqrtPriceX96]
info:   Partition 28: [BalanceDeltaLibrary.amount1, BeforeSwapDeltaLibrary.getUnspecifiedDelta, Slot0Library.protocolFee, Slot0Library.lpFee, NonzeroDeltaCount.decrement, ProtocolFeeLibrary.isValidProtocolFee, NonzeroDeltaCount.increment, Hooks.isValidHookAddress, Position.calculatePositionKey, CurrencyReserves.syncCurrencyAndReserves, PoolIdLibrary.toId]
info:   Partition 29: [CurrencyDelta._computeSlot, Lock.unlock, CustomRevert.revertWith, Lock.isUnlocked, Slot0Library.setSqrtPriceX96, NonzeroDeltaCount.read, CurrencyReserves.getSyncedReserves, CurrencyReserves.resetCurrency, ParseBytes.parseReturnDelta, extsload(1)]
info:   Shared utilities (duplicated): [BalanceDeltaLibrary.amount0, BalanceDeltaLibrary.amount1, BeforeSwapDeltaLibrary.getSpecifiedDelta, BeforeSwapDeltaLibrary.getUnspecifiedDelta, BitMath.leastSignificantBit, BitMath.mostSignificantBit, BitMath.mostSignificantBit__chunk_0, BitMath.mostSignificantBit__chunk_1, CurrencyDelta._computeSlot, CurrencyDelta.applyDelta, CurrencyLibrary.balanceOfSelf, CurrencyLibrary.fromId, CurrencyLibrary.isAddressZero, CurrencyLibrary.toId, CurrencyReserves.resetCurrency, CustomRevert.bubbleUpAndRevertWith, CustomRevert.revertWith, FullMath.mulDiv, FullMath.mulDivRoundingUp, Hooks.callHook, Hooks.callHookWithReturnDelta, Hooks.hasPermission, LPFeeLibrary.isDynamicFee, LPFeeLibrary.isOverride, LPFeeLibrary.isValid, LPFeeLibrary.removeOverrideFlag, LPFeeLibrary.removeOverrideFlagAndValidate, LPFeeLibrary.validate, LiquidityMath.addDelta, Lock.isUnlocked, NonzeroDeltaCount.decrement, NonzeroDeltaCount.increment, ParseBytes.parseFee, ParseBytes.parseReturnDelta, ParseBytes.parseSelector, Pool.checkPoolInitialized, Pool.crossTick, Pool.swap__chunk_0, Pool.swap__chunk_1, Pool.swap__chunk_1__chunk_0, Pool.swap__chunk_1__chunk_1, Pool.swap__chunk_2, PoolIdLibrary.toId, Position.update__chunk_0, Position.update__chunk_1, ProtocolFeeLibrary.calculateSwapFee, ProtocolFeeLibrary.getOneForZeroFee, ProtocolFeeLibrary.getZeroForOneFee, SafeCast.toInt128, SafeCast.toInt256, SafeCast.toUint160, Slot0Library.lpFee, Slot0Library.protocolFee, Slot0Library.setSqrtPriceX96, Slot0Library.setTick, Slot0Library.sqrtPriceX96, Slot0Library.tick, SqrtPriceMath.absDiff, SqrtPriceMath.getAmount0Delta, SqrtPriceMath.getAmount0Delta__chunk_0, SqrtPriceMath.getAmount0Delta__chunk_1, SqrtPriceMath.getAmount1Delta, SqrtPriceMath.getAmount1Delta__chunk_0, SqrtPriceMath.getAmount1Delta__chunk_1, SqrtPriceMath.getNextSqrtPriceFromAmount0RoundingUp, SqrtPriceMath.getNextSqrtPriceFromAmount1RoundingDown, SqrtPriceMath.getNextSqrtPriceFromInput, SqrtPriceMath.getNextSqrtPriceFromOutput, SwapMath.computeSwapStep, SwapMath.computeSwapStep__chunk_0, SwapMath.computeSwapStep__chunk_1, SwapMath.computeSwapStep__chunk_1__chunk_0, SwapMath.computeSwapStep__chunk_1__chunk_1, SwapMath.computeSwapStep__chunk_2, SwapMath.getSqrtPriceTarget, TickBitmap.compress__chunk_0, TickBitmap.compress__chunk_1, TickBitmap.flipTick__chunk_0, TickBitmap.flipTick__chunk_1, TickBitmap.nextInitializedTickWithinOneWord, TickBitmap.nextInitializedTickWithinOneWord__chunk_0, TickBitmap.nextInitializedTickWithinOneWord__chunk_0__chunk_0, TickBitmap.nextInitializedTickWithinOneWord__chunk_0__chunk_1, TickBitmap.nextInitializedTickWithinOneWord__chunk_0__chunk_2, TickBitmap.nextInitializedTickWithinOneWord__chunk_1, TickBitmap.nextInitializedTickWithinOneWord__chunk_1__chunk_0, TickBitmap.nextInitializedTickWithinOneWord__chunk_1__chunk_1, TickBitmap.nextInitializedTickWithinOneWord__chunk_2, TickBitmap.position, TickMath.getSqrtPriceAtTick, TickMath.getSqrtPriceAtTick__chunk_0, TickMath.getSqrtPriceAtTick__chunk_1, TickMath.getTickAtSqrtPrice, TickMath.getTickAtSqrtPrice__chunk_0, TickMath.getTickAtSqrtPrice__chunk_1, TickMath.getTickAtSqrtPrice__chunk_2, UnsafeMath.divRoundingUp, UnsafeMath.simpleMulDiv, neq, sub, toBalanceDelta, Slot0Library.setLpFee, Pool.tickSpacingToMaxLiquidityPerTick, TickBitmap.flipTick, Position.update, Pool.checkTicks, Hooks.afterModifyLiquidity, Hooks.beforeModifyLiquidity, add, Hooks.afterSwap, Hooks.beforeSwap, Hooks.afterDonate, Hooks.beforeDonate, Pool.donate, Slot0Library.setProtocolFee, Lock.lock, Lock.unlock, NonzeroDeltaCount.read, CurrencyDelta.getDelta, CurrencyReserves.syncCurrencyAndReserves]
info: --split-contracts enabled, performing contract split...
info: Splitting contract 'PoolManager' into 30 parts
info:   Helper 1: /home/argi/AlgorandFoundation/SideProjects/puya-sol/examples/uniswap-v4/contracts/core/PoolManager.sol.PoolManager__Helper1 (3 subroutines)
info:   Helper 2: /home/argi/AlgorandFoundation/SideProjects/puya-sol/examples/uniswap-v4/contracts/core/PoolManager.sol.PoolManager__Helper2 (31 subroutines)
info:   Helper 3: /home/argi/AlgorandFoundation/SideProjects/puya-sol/examples/uniswap-v4/contracts/core/PoolManager.sol.PoolManager__Helper3 (43 subroutines)
info:   Helper 4: /home/argi/AlgorandFoundation/SideProjects/puya-sol/examples/uniswap-v4/contracts/core/PoolManager.sol.PoolManager__Helper4 (63 subroutines)
info:   Helper 5: /home/argi/AlgorandFoundation/SideProjects/puya-sol/examples/uniswap-v4/contracts/core/PoolManager.sol.PoolManager__Helper5 (13 subroutines)
info:   Helper 6: /home/argi/AlgorandFoundation/SideProjects/puya-sol/examples/uniswap-v4/contracts/core/PoolManager.sol.PoolManager__Helper6 (17 subroutines)
info:   Helper 7: /home/argi/AlgorandFoundation/SideProjects/puya-sol/examples/uniswap-v4/contracts/core/PoolManager.sol.PoolManager__Helper7 (17 subroutines)
info:   Helper 8: /home/argi/AlgorandFoundation/SideProjects/puya-sol/examples/uniswap-v4/contracts/core/PoolManager.sol.PoolManager__Helper8 (21 subroutines)
info:   Helper 9: /home/argi/AlgorandFoundation/SideProjects/puya-sol/examples/uniswap-v4/contracts/core/PoolManager.sol.PoolManager__Helper9 (3 subroutines)
info:   Helper 10: /home/argi/AlgorandFoundation/SideProjects/puya-sol/examples/uniswap-v4/contracts/core/PoolManager.sol.PoolManager__Helper10 (3 subroutines)
info:   Helper 11: /home/argi/AlgorandFoundation/SideProjects/puya-sol/examples/uniswap-v4/contracts/core/PoolManager.sol.PoolManager__Helper11 (23 subroutines)
info:   Helper 12: /home/argi/AlgorandFoundation/SideProjects/puya-sol/examples/uniswap-v4/contracts/core/PoolManager.sol.PoolManager__Helper12 (3 subroutines)
info:   Helper 13: /home/argi/AlgorandFoundation/SideProjects/puya-sol/examples/uniswap-v4/contracts/core/PoolManager.sol.PoolManager__Helper13 (10 subroutines)
info:   Helper 14: /home/argi/AlgorandFoundation/SideProjects/puya-sol/examples/uniswap-v4/contracts/core/PoolManager.sol.PoolManager__Helper14 (1 subroutines)
info:   Helper 15: /home/argi/AlgorandFoundation/SideProjects/puya-sol/examples/uniswap-v4/contracts/core/PoolManager.sol.PoolManager__Helper15 (1 subroutines)
info:   Helper 16: /home/argi/AlgorandFoundation/SideProjects/puya-sol/examples/uniswap-v4/contracts/core/PoolManager.sol.PoolManager__Helper16 (11 subroutines)
info:   Helper 17: /home/argi/AlgorandFoundation/SideProjects/puya-sol/examples/uniswap-v4/contracts/core/PoolManager.sol.PoolManager__Helper17 (9 subroutines)
info:   Helper 18: /home/argi/AlgorandFoundation/SideProjects/puya-sol/examples/uniswap-v4/contracts/core/PoolManager.sol.PoolManager__Helper18 (1 subroutines)
info:   Helper 19: /home/argi/AlgorandFoundation/SideProjects/puya-sol/examples/uniswap-v4/contracts/core/PoolManager.sol.PoolManager__Helper19 (2 subroutines)
info:   Helper 20: /home/argi/AlgorandFoundation/SideProjects/puya-sol/examples/uniswap-v4/contracts/core/PoolManager.sol.PoolManager__Helper20 (2 subroutines)
info:   Helper 21: /home/argi/AlgorandFoundation/SideProjects/puya-sol/examples/uniswap-v4/contracts/core/PoolManager.sol.PoolManager__Helper21 (4 subroutines)
info:   Helper 22: /home/argi/AlgorandFoundation/SideProjects/puya-sol/examples/uniswap-v4/contracts/core/PoolManager.sol.PoolManager__Helper22 (8 subroutines)
info:   Helper 23: /home/argi/AlgorandFoundation/SideProjects/puya-sol/examples/uniswap-v4/contracts/core/PoolManager.sol.PoolManager__Helper23 (11 subroutines)
info:   Helper 24: /home/argi/AlgorandFoundation/SideProjects/puya-sol/examples/uniswap-v4/contracts/core/PoolManager.sol.PoolManager__Helper24 (12 subroutines)
info:   Helper 25: /home/argi/AlgorandFoundation/SideProjects/puya-sol/examples/uniswap-v4/contracts/core/PoolManager.sol.PoolManager__Helper25 (6 subroutines)
info:   Helper 26: /home/argi/AlgorandFoundation/SideProjects/puya-sol/examples/uniswap-v4/contracts/core/PoolManager.sol.PoolManager__Helper26 (5 subroutines)
info:   Helper 27: /home/argi/AlgorandFoundation/SideProjects/puya-sol/examples/uniswap-v4/contracts/core/PoolManager.sol.PoolManager__Helper27 (8 subroutines)
info:   Helper 28: /home/argi/AlgorandFoundation/SideProjects/puya-sol/examples/uniswap-v4/contracts/core/PoolManager.sol.PoolManager__Helper28 (13 subroutines)
info:   Helper 29: /home/argi/AlgorandFoundation/SideProjects/puya-sol/examples/uniswap-v4/contracts/core/PoolManager.sol.PoolManager__Helper29 (10 subroutines)
info:   Orchestrator (hybrid): /home/argi/AlgorandFoundation/SideProjects/puya-sol/examples/uniswap-v4/contracts/core/PoolManager.sol.PoolManager (24 local, 14 delegated)
info: Split complete: 29 helpers + 1 orchestrator
info: Wrote: examples/uniswap-v4/out/PoolManager/awst_PoolManager__Helper1.json
info: Wrote: examples/uniswap-v4/out/PoolManager/options_PoolManager__Helper1.json
info: Compiling PoolManager__Helper1 ...
info: puya completed successfully
info: Wrote: examples/uniswap-v4/out/PoolManager/awst_PoolManager__Helper2.json
info: Wrote: examples/uniswap-v4/out/PoolManager/options_PoolManager__Helper2.json
info: Compiling PoolManager__Helper2 ...
error: puya exited with code: 512
info: Wrote: examples/uniswap-v4/out/PoolManager/awst_PoolManager__Helper3.json
info: Wrote: examples/uniswap-v4/out/PoolManager/options_PoolManager__Helper3.json
info: Compiling PoolManager__Helper3 ...
error: puya exited with code: 256
info: Wrote: examples/uniswap-v4/out/PoolManager/awst_PoolManager__Helper4.json
info: Wrote: examples/uniswap-v4/out/PoolManager/options_PoolManager__Helper4.json
info: Compiling PoolManager__Helper4 ...
error: puya exited with code: 512
info: Wrote: examples/uniswap-v4/out/PoolManager/awst_PoolManager__Helper5.json
info: Wrote: examples/uniswap-v4/out/PoolManager/options_PoolManager__Helper5.json
info: Compiling PoolManager__Helper5 ...
error: puya exited with code: 512
info: Wrote: examples/uniswap-v4/out/PoolManager/awst_PoolManager__Helper6.json
info: Wrote: examples/uniswap-v4/out/PoolManager/options_PoolManager__Helper6.json
info: Compiling PoolManager__Helper6 ...
error: puya exited with code: 512
info: Wrote: examples/uniswap-v4/out/PoolManager/awst_PoolManager__Helper7.json
info: Wrote: examples/uniswap-v4/out/PoolManager/options_PoolManager__Helper7.json
info: Compiling PoolManager__Helper7 ...
error: puya exited with code: 512
info: Wrote: examples/uniswap-v4/out/PoolManager/awst_PoolManager__Helper8.json
info: Wrote: examples/uniswap-v4/out/PoolManager/options_PoolManager__Helper8.json
info: Compiling PoolManager__Helper8 ...
error: puya exited with code: 512
info: Wrote: examples/uniswap-v4/out/PoolManager/awst_PoolManager__Helper9.json
info: Wrote: examples/uniswap-v4/out/PoolManager/options_PoolManager__Helper9.json
info: Compiling PoolManager__Helper9 ...
error: puya exited with code: 512
info: Wrote: examples/uniswap-v4/out/PoolManager/awst_PoolManager__Helper10.json
info: Wrote: examples/uniswap-v4/out/PoolManager/options_PoolManager__Helper10.json
info: Compiling PoolManager__Helper10 ...
info: puya completed successfully
info: Wrote: examples/uniswap-v4/out/PoolManager/awst_PoolManager__Helper11.json
info: Wrote: examples/uniswap-v4/out/PoolManager/options_PoolManager__Helper11.json
info: Compiling PoolManager__Helper11 ...
error: puya exited with code: 256
info: Wrote: examples/uniswap-v4/out/PoolManager/awst_PoolManager__Helper12.json
info: Wrote: examples/uniswap-v4/out/PoolManager/options_PoolManager__Helper12.json
info: Compiling PoolManager__Helper12 ...
error: puya exited with code: 512
info: Wrote: examples/uniswap-v4/out/PoolManager/awst_PoolManager__Helper13.json
info: Wrote: examples/uniswap-v4/out/PoolManager/options_PoolManager__Helper13.json
info: Compiling PoolManager__Helper13 ...
error: puya exited with code: 512
info: Wrote: examples/uniswap-v4/out/PoolManager/awst_PoolManager__Helper14.json
info: Wrote: examples/uniswap-v4/out/PoolManager/options_PoolManager__Helper14.json
info: Compiling PoolManager__Helper14 ...
error: puya exited with code: 256
info: Wrote: examples/uniswap-v4/out/PoolManager/awst_PoolManager__Helper15.json
info: Wrote: examples/uniswap-v4/out/PoolManager/options_PoolManager__Helper15.json
info: Compiling PoolManager__Helper15 ...
error: puya exited with code: 256
info: Wrote: examples/uniswap-v4/out/PoolManager/awst_PoolManager__Helper16.json
info: Wrote: examples/uniswap-v4/out/PoolManager/options_PoolManager__Helper16.json
info: Compiling PoolManager__Helper16 ...
error: puya exited with code: 512
info: Wrote: examples/uniswap-v4/out/PoolManager/awst_PoolManager__Helper17.json
info: Wrote: examples/uniswap-v4/out/PoolManager/options_PoolManager__Helper17.json
info: Compiling PoolManager__Helper17 ...
error: puya exited with code: 512
info: Wrote: examples/uniswap-v4/out/PoolManager/awst_PoolManager__Helper18.json
info: Wrote: examples/uniswap-v4/out/PoolManager/options_PoolManager__Helper18.json
info: Compiling PoolManager__Helper18 ...
info: puya completed successfully
info: Wrote: examples/uniswap-v4/out/PoolManager/awst_PoolManager__Helper19.json
info: Wrote: examples/uniswap-v4/out/PoolManager/options_PoolManager__Helper19.json
info: Compiling PoolManager__Helper19 ...
info: puya completed successfully
info: Wrote: examples/uniswap-v4/out/PoolManager/awst_PoolManager__Helper20.json
info: Wrote: examples/uniswap-v4/out/PoolManager/options_PoolManager__Helper20.json
info: Compiling PoolManager__Helper20 ...
info: puya completed successfully
info: Wrote: examples/uniswap-v4/out/PoolManager/awst_PoolManager__Helper21.json
info: Wrote: examples/uniswap-v4/out/PoolManager/options_PoolManager__Helper21.json
info: Compiling PoolManager__Helper21 ...
error: puya exited with code: 512
info: Wrote: examples/uniswap-v4/out/PoolManager/awst_PoolManager__Helper22.json
info: Wrote: examples/uniswap-v4/out/PoolManager/options_PoolManager__Helper22.json
info: Compiling PoolManager__Helper22 ...
info: puya completed successfully
info: Wrote: examples/uniswap-v4/out/PoolManager/awst_PoolManager__Helper23.json
info: Wrote: examples/uniswap-v4/out/PoolManager/options_PoolManager__Helper23.json
info: Compiling PoolManager__Helper23 ...
error: puya exited with code: 256
info: Wrote: examples/uniswap-v4/out/PoolManager/awst_PoolManager__Helper24.json
info: Wrote: examples/uniswap-v4/out/PoolManager/options_PoolManager__Helper24.json
info: Compiling PoolManager__Helper24 ...
error: puya exited with code: 256
info: Wrote: examples/uniswap-v4/out/PoolManager/awst_PoolManager__Helper25.json
info: Wrote: examples/uniswap-v4/out/PoolManager/options_PoolManager__Helper25.json
info: Compiling PoolManager__Helper25 ...
info: puya completed successfully
info: Wrote: examples/uniswap-v4/out/PoolManager/awst_PoolManager__Helper26.json
info: Wrote: examples/uniswap-v4/out/PoolManager/options_PoolManager__Helper26.json
info: Compiling PoolManager__Helper26 ...
info: puya completed successfully
info: Wrote: examples/uniswap-v4/out/PoolManager/awst_PoolManager__Helper27.json
info: Wrote: examples/uniswap-v4/out/PoolManager/options_PoolManager__Helper27.json
info: Compiling PoolManager__Helper27 ...
error: puya exited with code: 256
info: Wrote: examples/uniswap-v4/out/PoolManager/awst_PoolManager__Helper28.json
info: Wrote: examples/uniswap-v4/out/PoolManager/options_PoolManager__Helper28.json
info: Compiling PoolManager__Helper28 ...
info: puya completed successfully
info: Wrote: examples/uniswap-v4/out/PoolManager/awst_PoolManager__Helper29.json
info: Wrote: examples/uniswap-v4/out/PoolManager/options_PoolManager__Helper29.json
info: Compiling PoolManager__Helper29 ...
info: puya completed successfully
info: Wrote: examples/uniswap-v4/out/PoolManager/awst_PoolManager.json
info: Wrote: examples/uniswap-v4/out/PoolManager/options_PoolManager.json
info: Compiling PoolManager ...
error: puya exited with code: 256
info: Completed with 102 warning(s)
 completed successfully
info: Wrote: /home/argi/AlgorandFoundation/SideProjects/puya-sol/puya-sol/examples/uniswap-v4/out/PoolManager/awst_PoolManager__Helper21.json
info: Wrote: /home/argi/AlgorandFoundation/SideProjects/puya-sol/puya-sol/examples/uniswap-v4/out/PoolManager/options_PoolManager__Helper21.json
info: Compiling PoolManager__Helper21 ...
error: puya exited with code: 512
info: Wrote: /home/argi/AlgorandFoundation/SideProjects/puya-sol/puya-sol/examples/uniswap-v4/out/PoolManager/awst_PoolManager__Helper22.json
info: Wrote: /home/argi/AlgorandFoundation/SideProjects/puya-sol/puya-sol/examples/uniswap-v4/out/PoolManager/options_PoolManager__Helper22.json
info: Compiling PoolManager__Helper22 ...
info: puya completed successfully
info: Wrote: /home/argi/AlgorandFoundation/SideProjects/puya-sol/puya-sol/examples/uniswap-v4/out/PoolManager/awst_PoolManager__Helper23.json
info: Wrote: /home/argi/AlgorandFoundation/SideProjects/puya-sol/puya-sol/examples/uniswap-v4/out/PoolManager/options_PoolManager__Helper23.json
info: Compiling PoolManager__Helper23 ...
error: puya exited with code: 256
info: Wrote: /home/argi/AlgorandFoundation/SideProjects/puya-sol/puya-sol/examples/uniswap-v4/out/PoolManager/awst_PoolManager__Helper24.json
info: Wrote: /home/argi/AlgorandFoundation/SideProjects/puya-sol/puya-sol/examples/uniswap-v4/out/PoolManager/options_PoolManager__Helper24.json
info: Compiling PoolManager__Helper24 ...
error: puya exited with code: 256
info: Wrote: /home/argi/AlgorandFoundation/SideProjects/puya-sol/puya-sol/examples/uniswap-v4/out/PoolManager/awst_PoolManager__Helper25.json
info: Wrote: /home/argi/AlgorandFoundation/SideProjects/puya-sol/puya-sol/examples/uniswap-v4/out/PoolManager/options_PoolManager__Helper25.json
info: Compiling PoolManager__Helper25 ...
info: puya completed successfully
info: Wrote: /home/argi/AlgorandFoundation/SideProjects/puya-sol/puya-sol/examples/uniswap-v4/out/PoolManager/awst_PoolManager__Helper26.json
info: Wrote: /home/argi/AlgorandFoundation/SideProjects/puya-sol/puya-sol/examples/uniswap-v4/out/PoolManager/options_PoolManager__Helper26.json
info: Compiling PoolManager__Helper26 ...
info: puya completed successfully
info: Wrote: /home/argi/AlgorandFoundation/SideProjects/puya-sol/puya-sol/examples/uniswap-v4/out/PoolManager/awst_PoolManager__Helper27.json
info: Wrote: /home/argi/AlgorandFoundation/SideProjects/puya-sol/puya-sol/examples/uniswap-v4/out/PoolManager/options_PoolManager__Helper27.json
info: Compiling PoolManager__Helper27 ...
error: puya exited with code: 256
info: Wrote: /home/argi/AlgorandFoundation/SideProjects/puya-sol/puya-sol/examples/uniswap-v4/out/PoolManager/awst_PoolManager__Helper28.json
info: Wrote: /home/argi/AlgorandFoundation/SideProjects/puya-sol/puya-sol/examples/uniswap-v4/out/PoolManager/options_PoolManager__Helper28.json
info: Compiling PoolManager__Helper28 ...
info: puya completed successfully
info: Wrote: /home/argi/AlgorandFoundation/SideProjects/puya-sol/puya-sol/examples/uniswap-v4/out/PoolManager/awst_PoolManager__Helper29.json
info: Wrote: /home/argi/AlgorandFoundation/SideProjects/puya-sol/puya-sol/examples/uniswap-v4/out/PoolManager/options_PoolManager__Helper29.json
info: Compiling PoolManager__Helper29 ...
info: puya completed successfully
info: Wrote: /home/argi/AlgorandFoundation/SideProjects/puya-sol/puya-sol/examples/uniswap-v4/out/PoolManager/awst_PoolManager.json
info: Wrote: /home/argi/AlgorandFoundation/SideProjects/puya-sol/puya-sol/examples/uniswap-v4/out/PoolManager/options_PoolManager.json
info: Compiling PoolManager ...
error: puya exited with code: 256
info: Completed with 102 warning(s)
