info: puya-sol v0.1.0 — Solidity to Algorand Compiler
info: Source: /home/argi/AlgorandFoundation/SideProjects/puya-sol/puya-sol/WIP/examples/frax/contracts/Frax.sol
info: EVM version set to: cancun (hasChainID=true)
info: Parsing and type-checking...
info: Parse and type-check successful!
info: Building AWST...
info: Translating library: Address
/home/argi/AlgorandFoundation/SideProjects/puya-sol/puya-sol/WIP/examples/frax/contracts/Frax.sol:1078 warning: extcodesize() stubbed as 1 (no AVM equivalent)
/home/argi/AlgorandFoundation/SideProjects/puya-sol/puya-sol/WIP/examples/frax/contracts/Frax.sol:2137 warning: address.balance returns the account balance in microAlgos on AVM, not wei. 1 microAlgo = 1e-6 ALGO. This is NOT equivalent to EVM wei (1 wei = 1e-18 ETH). Ensure your contract logic accounts for this difference.
/home/argi/AlgorandFoundation/SideProjects/puya-sol/puya-sol/WIP/examples/frax/contracts/Frax.sol:4759 warning: address.balance returns the account balance in microAlgos on AVM, not wei. 1 microAlgo = 1e-6 ALGO. This is NOT equivalent to EVM wei (1 wei = 1e-18 ETH). Ensure your contract logic accounts for this difference.
/home/argi/AlgorandFoundation/SideProjects/puya-sol/puya-sol/WIP/examples/frax/contracts/Frax.sol:5998 warning: address.staticcall(data) stubbed — returns (true, empty).
info: Translating library: Babylonian
info: Translating library: EnumerableSet
info: Translating library: FixedPoint
info: Translating library: FraxPoolLibrary
info: Translating library: SafeMath
info: Translating library: TransferHelper
info: Translating library: UniswapV2Library
info: Translating library: UniswapV2OracleLibrary
info: Translating contract: ChainlinkETHUSDPriceConsumer
info: Translating contract: ERC20
info: string state variable '_name' uses Algorand global state (limited to ~64 bytes)
info: string state variable '_symbol' uses Algorand global state (limited to ~64 bytes)
info: Translating contract: ERC20Custom
info: Translating contract: FRAXShares
info: string state variable 'symbol' uses Algorand global state (limited to ~64 bytes)
info: string state variable 'name' uses Algorand global state (limited to ~64 bytes)
info: Translating contract: FRAXStablecoin
info: string state variable 'symbol' uses Algorand global state (limited to ~64 bytes)
info: string state variable 'name' uses Algorand global state (limited to ~64 bytes)
info: Translating contract: FraxPool
info: Translating contract: Owned
info: Translating contract: UniswapPairOracle
info: Generated 39 AWST root node(s)
info: Wrote: /home/argi/AlgorandFoundation/SideProjects/puya-sol/puya-sol/WIP/examples/frax/out/FRAXStablecoin/awst.json
info: Wrote: /home/argi/AlgorandFoundation/SideProjects/puya-sol/puya-sol/WIP/examples/frax/out/FRAXStablecoin/options.json
info: Completed with 4 warning(s)
info: Invoking puya backend...
error: puya exited with code: 1
