info: puya-sol v0.1.0 — Solidity to Algorand Compiler
info: Source: /home/argi/AlgorandFoundation/SideProjects/puya-sol/puya-sol/examples/solady/aux-wrappers-to-deploy/OwnableWrapper.sol
info: EVM version set to: cancun (hasChainID=true)
info: Parsing and type-checking...
info: Parse and type-check successful!
info: Building AWST...
info: Translating contract: OwnableWrapper
/home/argi/AlgorandFoundation/SideProjects/puya-sol/puya-sol/examples/solady/aux-wrappers-to-deploy/OwnableWrapper.sol:5120 warning: sload() has no AVM equivalent (EVM raw storage), returning 0
/home/argi/AlgorandFoundation/SideProjects/puya-sol/puya-sol/examples/solady/aux-wrappers-to-deploy/OwnableWrapper.sol:5348 warning: non-scalar type 'account' in assembly arithmetic, coercing to biguint(0)
/home/argi/AlgorandFoundation/SideProjects/puya-sol/puya-sol/examples/solady/aux-wrappers-to-deploy/OwnableWrapper.sol:5463 warning: non-scalar type 'account' in assembly arithmetic, coercing to biguint(0)
/home/argi/AlgorandFoundation/SideProjects/puya-sol/puya-sol/examples/solady/aux-wrappers-to-deploy/OwnableWrapper.sol:5441 warning: non-scalar type 'account' in assembly arithmetic, coercing to biguint(0)
/home/argi/AlgorandFoundation/SideProjects/puya-sol/puya-sol/examples/solady/aux-wrappers-to-deploy/OwnableWrapper.sol:5423 warning: sstore() has no AVM equivalent (EVM raw storage), ignoring
/home/argi/AlgorandFoundation/SideProjects/puya-sol/puya-sol/examples/solady/aux-wrappers-to-deploy/OwnableWrapper.sol:5557 warning: unsupported Yul builtin function: log3, returning 0
/home/argi/AlgorandFoundation/SideProjects/puya-sol/puya-sol/examples/solady/aux-wrappers-to-deploy/OwnableWrapper.sol:5802 warning: non-scalar type 'account' in assembly arithmetic, coercing to biguint(0)
/home/argi/AlgorandFoundation/SideProjects/puya-sol/puya-sol/examples/solady/aux-wrappers-to-deploy/OwnableWrapper.sol:5877 warning: sstore() has no AVM equivalent (EVM raw storage), ignoring
/home/argi/AlgorandFoundation/SideProjects/puya-sol/puya-sol/examples/solady/aux-wrappers-to-deploy/OwnableWrapper.sol:5981 warning: unsupported Yul builtin function: log3, returning 0
/home/argi/AlgorandFoundation/SideProjects/puya-sol/puya-sol/examples/solady/aux-wrappers-to-deploy/OwnableWrapper.sol:6436 warning: non-scalar type 'account' in assembly arithmetic, coercing to biguint(0)
/home/argi/AlgorandFoundation/SideProjects/puya-sol/puya-sol/examples/solady/aux-wrappers-to-deploy/OwnableWrapper.sol:6580 warning: sload() has no AVM equivalent (EVM raw storage), returning 0
/home/argi/AlgorandFoundation/SideProjects/puya-sol/puya-sol/examples/solady/aux-wrappers-to-deploy/OwnableWrapper.sol:6580 warning: sload() has no AVM equivalent (EVM raw storage), returning 0
/home/argi/AlgorandFoundation/SideProjects/puya-sol/puya-sol/examples/solady/aux-wrappers-to-deploy/OwnableWrapper.sol:6529 warning: unsupported Yul builtin function: log3, returning 0
/home/argi/AlgorandFoundation/SideProjects/puya-sol/puya-sol/examples/solady/aux-wrappers-to-deploy/OwnableWrapper.sol:6704 warning: non-scalar type 'account' in assembly arithmetic, coercing to biguint(0)
/home/argi/AlgorandFoundation/SideProjects/puya-sol/puya-sol/examples/solady/aux-wrappers-to-deploy/OwnableWrapper.sol:6682 warning: non-scalar type 'account' in assembly arithmetic, coercing to biguint(0)
/home/argi/AlgorandFoundation/SideProjects/puya-sol/puya-sol/examples/solady/aux-wrappers-to-deploy/OwnableWrapper.sol:6664 warning: sstore() has no AVM equivalent (EVM raw storage), ignoring
/home/argi/AlgorandFoundation/SideProjects/puya-sol/puya-sol/examples/solady/aux-wrappers-to-deploy/OwnableWrapper.sol:6950 warning: non-scalar type 'account' in assembly arithmetic, coercing to biguint(0)
/home/argi/AlgorandFoundation/SideProjects/puya-sol/puya-sol/examples/solady/aux-wrappers-to-deploy/OwnableWrapper.sol:7094 warning: sload() has no AVM equivalent (EVM raw storage), returning 0
/home/argi/AlgorandFoundation/SideProjects/puya-sol/puya-sol/examples/solady/aux-wrappers-to-deploy/OwnableWrapper.sol:7094 warning: sload() has no AVM equivalent (EVM raw storage), returning 0
/home/argi/AlgorandFoundation/SideProjects/puya-sol/puya-sol/examples/solady/aux-wrappers-to-deploy/OwnableWrapper.sol:7043 warning: unsupported Yul builtin function: log3, returning 0
/home/argi/AlgorandFoundation/SideProjects/puya-sol/puya-sol/examples/solady/aux-wrappers-to-deploy/OwnableWrapper.sol:7178 warning: sstore() has no AVM equivalent (EVM raw storage), ignoring
/home/argi/AlgorandFoundation/SideProjects/puya-sol/puya-sol/examples/solady/aux-wrappers-to-deploy/OwnableWrapper.sol:7489 warning: unsupported Yul builtin function: caller, returning 0
/home/argi/AlgorandFoundation/SideProjects/puya-sol/puya-sol/examples/solady/aux-wrappers-to-deploy/OwnableWrapper.sol:7499 warning: sload() has no AVM equivalent (EVM raw storage), returning 0
/home/argi/AlgorandFoundation/SideProjects/puya-sol/puya-sol/examples/solady/aux-wrappers-to-deploy/OwnableWrapper.sol:8513 warning: non-scalar type 'account' in assembly arithmetic, coercing to biguint(0)
/home/argi/AlgorandFoundation/SideProjects/puya-sol/puya-sol/examples/solady/aux-wrappers-to-deploy/OwnableWrapper.sol:9397 warning: unsupported Yul builtin function: caller, returning 0
/home/argi/AlgorandFoundation/SideProjects/puya-sol/puya-sol/examples/solady/aux-wrappers-to-deploy/OwnableWrapper.sol:9423 warning: sstore() has no AVM equivalent (EVM raw storage), ignoring
/home/argi/AlgorandFoundation/SideProjects/puya-sol/puya-sol/examples/solady/aux-wrappers-to-deploy/OwnableWrapper.sol:9600 warning: unsupported Yul builtin function: caller, returning 0
/home/argi/AlgorandFoundation/SideProjects/puya-sol/puya-sol/examples/solady/aux-wrappers-to-deploy/OwnableWrapper.sol:9600 warning: unsupported Yul builtin function: caller, returning 0
/home/argi/AlgorandFoundation/SideProjects/puya-sol/puya-sol/examples/solady/aux-wrappers-to-deploy/OwnableWrapper.sol:9542 warning: unsupported Yul builtin function: log2, returning 0
/home/argi/AlgorandFoundation/SideProjects/puya-sol/puya-sol/examples/solady/aux-wrappers-to-deploy/OwnableWrapper.sol:9969 warning: unsupported Yul builtin function: caller, returning 0
/home/argi/AlgorandFoundation/SideProjects/puya-sol/puya-sol/examples/solady/aux-wrappers-to-deploy/OwnableWrapper.sol:9991 warning: sstore() has no AVM equivalent (EVM raw storage), ignoring
/home/argi/AlgorandFoundation/SideProjects/puya-sol/puya-sol/examples/solady/aux-wrappers-to-deploy/OwnableWrapper.sol:10152 warning: unsupported Yul builtin function: caller, returning 0
/home/argi/AlgorandFoundation/SideProjects/puya-sol/puya-sol/examples/solady/aux-wrappers-to-deploy/OwnableWrapper.sol:10152 warning: unsupported Yul builtin function: caller, returning 0
/home/argi/AlgorandFoundation/SideProjects/puya-sol/puya-sol/examples/solady/aux-wrappers-to-deploy/OwnableWrapper.sol:10095 warning: unsupported Yul builtin function: log2, returning 0
/home/argi/AlgorandFoundation/SideProjects/puya-sol/puya-sol/examples/solady/aux-wrappers-to-deploy/OwnableWrapper.sol:10631 warning: non-scalar type 'account' in assembly arithmetic, coercing to biguint(0)
/home/argi/AlgorandFoundation/SideProjects/puya-sol/puya-sol/examples/solady/aux-wrappers-to-deploy/OwnableWrapper.sol:10806 warning: sload() has no AVM equivalent (EVM raw storage), returning 0
/home/argi/AlgorandFoundation/SideProjects/puya-sol/puya-sol/examples/solady/aux-wrappers-to-deploy/OwnableWrapper.sol:11000 warning: sstore() has no AVM equivalent (EVM raw storage), ignoring
/home/argi/AlgorandFoundation/SideProjects/puya-sol/puya-sol/examples/solady/aux-wrappers-to-deploy/OwnableWrapper.sol:11557 warning: sload() has no AVM equivalent (EVM raw storage), returning 0
/home/argi/AlgorandFoundation/SideProjects/puya-sol/puya-sol/examples/solady/aux-wrappers-to-deploy/OwnableWrapper.sol:11997 warning: non-scalar type 'account' in assembly arithmetic, coercing to biguint(0)
/home/argi/AlgorandFoundation/SideProjects/puya-sol/puya-sol/examples/solady/aux-wrappers-to-deploy/OwnableWrapper.sol:12085 warning: sload() has no AVM equivalent (EVM raw storage), returning 0
info: Generated 1 AWST root node(s)
info: Size estimate for 'OwnableWrapper': 1913 instructions, ~5739 bytes
info: Contract fits within AVM limits (5739 estimated bytes)
info: Wrote: /home/argi/AlgorandFoundation/SideProjects/puya-sol/puya-sol/examples/solady/out/OwnableWrapper/awst.json
info: Wrote: /home/argi/AlgorandFoundation/SideProjects/puya-sol/puya-sol/examples/solady/out/OwnableWrapper/options.json
info: Completed with 40 warning(s)
info: Invoking puya backend...
info: puya completed successfully
