info: puya-sol v0.1.0 — Solidity to Algorand Compiler
info: Source: /home/argi/AlgorandFoundation/SideProjects/puya-sol/puya-sol/examples/solady/aux-wrappers-to-deploy/LibBitWrapper.sol
info: EVM version set to: cancun (hasChainID=true)
info: Parsing and type-checking...
info: Parse and type-check successful!
info: Building AWST...
info: Translating library: LibBit
/home/argi/AlgorandFoundation/SideProjects/puya-sol/puya-sol/examples/solady/aux-wrappers-to-deploy/LibBitWrapper.sol:5252 warning: mload with non-constant offset not supported — returning 0 (EVM memory model)
/home/argi/AlgorandFoundation/SideProjects/puya-sol/puya-sol/examples/solady/aux-wrappers-to-deploy/LibBitWrapper.sol:5248 warning: assembly function 'czb' called in expression context; this may not produce correct results
/home/argi/AlgorandFoundation/SideProjects/puya-sol/puya-sol/examples/solady/aux-wrappers-to-deploy/LibBitWrapper.sol:5244 warning: non-scalar type 'void' in assembly arithmetic, coercing to biguint(0)
/home/argi/AlgorandFoundation/SideProjects/puya-sol/puya-sol/examples/solady/aux-wrappers-to-deploy/LibBitWrapper.sol:5366 warning: mload with non-constant offset not supported — returning 0 (EVM memory model)
/home/argi/AlgorandFoundation/SideProjects/puya-sol/puya-sol/examples/solady/aux-wrappers-to-deploy/LibBitWrapper.sol:5327 warning: assembly function 'czb' called in expression context; this may not produce correct results
/home/argi/AlgorandFoundation/SideProjects/puya-sol/puya-sol/examples/solady/aux-wrappers-to-deploy/LibBitWrapper.sol:5323 warning: non-scalar type 'void' in assembly arithmetic, coercing to biguint(0)
/home/argi/AlgorandFoundation/SideProjects/puya-sol/puya-sol/examples/solady/aux-wrappers-to-deploy/LibBitWrapper.sol:6116 warning: assembly function 'czb' called in expression context; this may not produce correct results
/home/argi/AlgorandFoundation/SideProjects/puya-sol/puya-sol/examples/solady/aux-wrappers-to-deploy/LibBitWrapper.sol:6112 warning: non-scalar type 'void' in assembly arithmetic, coercing to biguint(0)
/home/argi/AlgorandFoundation/SideProjects/puya-sol/puya-sol/examples/solady/aux-wrappers-to-deploy/LibBitWrapper.sol:6301 error: calldataload with non-constant offset not supported
/home/argi/AlgorandFoundation/SideProjects/puya-sol/puya-sol/examples/solady/aux-wrappers-to-deploy/LibBitWrapper.sol:6291 warning: assembly function 'czb' called in expression context; this may not produce correct results
/home/argi/AlgorandFoundation/SideProjects/puya-sol/puya-sol/examples/solady/aux-wrappers-to-deploy/LibBitWrapper.sol:6287 warning: non-scalar type 'void' in assembly arithmetic, coercing to biguint(0)
/home/argi/AlgorandFoundation/SideProjects/puya-sol/puya-sol/examples/solady/aux-wrappers-to-deploy/LibBitWrapper.sol:9236 warning: mload with non-constant offset not supported — returning 0 (EVM memory model)
info: Translating contract: LibBitWrapper
info: Generated 7 AWST root node(s)
info: Size estimate for 'LibBitWrapper': 5369 instructions, ~16107 bytes
warning: Contract 'LibBitWrapper' estimated at ~16107 bytes, exceeds AVM limit of ~8192 bytes
info: Contract exceeds AVM limit (16107 estimated bytes > 8192 max)
info: Split recommendation: 3 partitions
info:   Partition 0: [__approval__, __clear__, ffs, fls, isPo2, popCount, reverseBits, reverseBytes]
info:   Partition 1: [LibBit.fls, LibBit.ffs, LibBit.popCount, LibBit.reverseBytes, /home/argi/AlgorandFoundation/SideProjects/puya-sol/puya-sol/examples/solady/aux-wrappers-to-deploy/LibBitWrapper.sol.LibBit.toUint]
info:   Partition 2: [LibBit.reverseBits, LibBit.isPo2]
info:   Shared utilities (duplicated): [/home/argi/AlgorandFoundation/SideProjects/puya-sol/puya-sol/examples/solady/aux-wrappers-to-deploy/LibBitWrapper.sol.LibBit.toUint, LibBit.reverseBytes]
info: Contract is oversized. Use --split-contracts to automatically split.
info: Recommended 3 partitions
info: Wrote: /home/argi/AlgorandFoundation/SideProjects/puya-sol/puya-sol/examples/solady/out/LibBitWrapper/awst.json
info: Wrote: /home/argi/AlgorandFoundation/SideProjects/puya-sol/puya-sol/examples/solady/out/LibBitWrapper/options.json
info: Completed with 12 warning(s)
